# JRE version: OpenJDK Runtime Environment (8.0_212) (build 1.8.0_212-release-1586-b4-5784211)
# Java VM: OpenJDK 64-Bit Server VM (25.212-b4-5784211 mixed mode linux-amd64 compressed oops)
Heap:
 PSYoungGen      total 281088K, used 5601K [0x00000000e0000000, 0x00000000f9a80000, 0x0000000100000000)
  eden space 221696K, 0% used [0x00000000e0000000,0x00000000e0000000,0x00000000ed880000)
  from space 59392K, 9% used [0x00000000f2c80000,0x00000000f31f8790,0x00000000f6680000)
  to   space 86016K, 0% used [0x00000000ed880000,0x00000000ed880000,0x00000000f2c80000)
 ParOldGen       total 184832K, used 184561K [0x00000000a0000000, 0x00000000ab480000, 0x00000000e0000000)
  object space 184832K, 99% used [0x00000000a0000000,0x00000000ab43c5f8,0x00000000ab480000)
 Metaspace       used 130154K, capacity 138144K, committed 164336K, reserved 1191936K
  class space    used 16121K, capacity 17480K, committed 21248K, reserved 1048576K
GC Heap History (10 events):
Event: 52845.571 GC heap after
Heap after GC invocations=169 (full 5):
 PSYoungGen      total 218624K, used 29167K [0x00000000e0000000, 0x00000000f0f80000, 0x0000000100000000)
  eden space 189440K, 0% used [0x00000000e0000000,0x00000000e0000000,0x00000000eb900000)
  from space 29184K, 99% used [0x00000000edb80000,0x00000000ef7fbfd8,0x00000000ef800000)
  to   space 35328K, 0% used [0x00000000eb900000,0x00000000eb900000,0x00000000edb80000)
 ParOldGen       total 169472K, used 90263K [0x00000000a0000000, 0x00000000aa580000, 0x00000000e0000000)
  object space 169472K, 53% used [0x00000000a0000000,0x00000000a5825d30,0x00000000aa580000)
 Metaspace       used 130592K, capacity 138674K, committed 164336K, reserved 1191936K
  class space    used 16176K, capacity 17559K, committed 21248K, reserved 1048576K
}
Event: 52846.974 GC heap before
{Heap before GC invocations=170 (full 5):
 PSYoungGen      total 218624K, used 218607K [0x00000000e0000000, 0x00000000f0f80000, 0x0000000100000000)
  eden space 189440K, 100% used [0x00000000e0000000,0x00000000eb900000,0x00000000eb900000)
  from space 29184K, 99% used [0x00000000edb80000,0x00000000ef7fbfd8,0x00000000ef800000)
  to   space 35328K, 0% used [0x00000000eb900000,0x00000000eb900000,0x00000000edb80000)
 ParOldGen       total 169472K, used 90263K [0x00000000a0000000, 0x00000000aa580000, 0x00000000e0000000)
  object space 169472K, 53% used [0x00000000a0000000,0x00000000a5825d30,0x00000000aa580000)
 Metaspace       used 130716K, capacity 138826K, committed 164336K, reserved 1191936K
  class space    used 16182K, capacity 17599K, committed 21248K, reserved 1048576K
Event: 52847.008 GC heap after
Heap after GC invocations=170 (full 5):
 PSYoungGen      total 224768K, used 27682K [0x00000000e0000000, 0x00000000f1780000, 0x0000000100000000)
  eden space 189440K, 0% used [0x00000000e0000000,0x00000000e0000000,0x00000000eb900000)
  from space 35328K, 78% used [0x00000000eb900000,0x00000000ed408b38,0x00000000edb80000)
  to   space 36864K, 0% used [0x00000000ef380000,0x00000000ef380000,0x00000000f1780000)
 ParOldGen       total 169472K, used 90263K [0x00000000a0000000, 0x00000000aa580000, 0x00000000e0000000)
  object space 169472K, 53% used [0x00000000a0000000,0x00000000a5825d30,0x00000000aa580000)
 Metaspace       used 130716K, capacity 138826K, committed 164336K, reserved 1191936K
  class space    used 16182K, capacity 17599K, committed 21248K, reserved 1048576K
}
Event: 52848.438 GC heap before
{Heap before GC invocations=171 (full 5):
 PSYoungGen      total 224768K, used 217122K [0x00000000e0000000, 0x00000000f1780000, 0x0000000100000000)
  eden space 189440K, 100% used [0x00000000e0000000,0x00000000eb900000,0x00000000eb900000)
  from space 35328K, 78% used [0x00000000eb900000,0x00000000ed408b38,0x00000000edb80000)
  to   space 36864K, 0% used [0x00000000ef380000,0x00000000ef380000,0x00000000f1780000)
 ParOldGen       total 169472K, used 90263K [0x00000000a0000000, 0x00000000aa580000, 0x00000000e0000000)
  object space 169472K, 53% used [0x00000000a0000000,0x00000000a5825d30,0x00000000aa580000)
 Metaspace       used 130825K, capacity 138990K, committed 164336K, reserved 1191936K
  class space    used 16188K, capacity 17601K, committed 21248K, reserved 1048576K
Event: 52848.493 GC heap after
Heap after GC invocations=171 (full 5):
 PSYoungGen      total 248320K, used 26862K [0x00000000e0000000, 0x00000000f1a00000, 0x0000000100000000)
  eden space 211456K, 0% used [0x00000000e0000000,0x00000000e0000000,0x00000000ece80000)
  from space 36864K, 72% used [0x00000000ef380000,0x00000000f0dbba10,0x00000000f1780000)
  to   space 37888K, 0% used [0x00000000ece80000,0x00000000ece80000,0x00000000ef380000)
 ParOldGen       total 169472K, used 90263K [0x00000000a0000000, 0x00000000aa580000, 0x00000000e0000000)
  object space 169472K, 53% used [0x00000000a0000000,0x00000000a5825d30,0x00000000aa580000)
 Metaspace       used 130825K, capacity 138990K, committed 164336K, reserved 1191936K
  class space    used 16188K, capacity 17601K, committed 21248K, reserved 1048576K
}
Event: 52850.209 GC heap before
{Heap before GC invocations=172 (full 5):
 PSYoungGen      total 248320K, used 238318K [0x00000000e0000000, 0x00000000f1a00000, 0x0000000100000000)
  eden space 211456K, 100% used [0x00000000e0000000,0x00000000ece80000,0x00000000ece80000)
  from space 36864K, 72% used [0x00000000ef380000,0x00000000f0dbba10,0x00000000f1780000)
  to   space 37888K, 0% used [0x00000000ece80000,0x00000000ece80000,0x00000000ef380000)
 ParOldGen       total 169472K, used 90263K [0x00000000a0000000, 0x00000000aa580000, 0x00000000e0000000)
  object space 169472K, 53% used [0x00000000a0000000,0x00000000a5825d30,0x00000000aa580000)
 Metaspace       used 130913K, capacity 139058K, committed 164336K, reserved 1191936K
  class space    used 16188K, capacity 17601K, committed 21248K, reserved 1048576K
Event: 52851.373 GC heap after
Heap after GC invocations=172 (full 5):
 PSYoungGen      total 249344K, used 37867K [0x00000000e0000000, 0x00000000f6680000, 0x0000000100000000)
  eden space 211456K, 0% used [0x00000000e0000000,0x00000000e0000000,0x00000000ece80000)
  from space 37888K, 99% used [0x00000000ece80000,0x00000000ef37ad98,0x00000000ef380000)
  to   space 59392K, 0% used [0x00000000f2c80000,0x00000000f2c80000,0x00000000f6680000)
 ParOldGen       total 169472K, used 135527K [0x00000000a0000000, 0x00000000aa580000, 0x00000000e0000000)
  object space 169472K, 79% used [0x00000000a0000000,0x00000000a8459cd0,0x00000000aa580000)
 Metaspace       used 130913K, capacity 139058K, committed 164336K, reserved 1191936K
  class space    used 16188K, capacity 17601K, committed 21248K, reserved 1048576K
}
Event: 52852.731 GC heap before
{Heap before GC invocations=173 (full 5):
 PSYoungGen      total 249344K, used 249323K [0x00000000e0000000, 0x00000000f6680000, 0x0000000100000000)
  eden space 211456K, 100% used [0x00000000e0000000,0x00000000ece80000,0x00000000ece80000)
  from space 37888K, 99% used [0x00000000ece80000,0x00000000ef37ad98,0x00000000ef380000)
  to   space 59392K, 0% used [0x00000000f2c80000,0x00000000f2c80000,0x00000000f6680000)
 ParOldGen       total 169472K, used 135527K [0x00000000a0000000, 0x00000000aa580000, 0x00000000e0000000)
  object space 169472K, 79% used [0x00000000a0000000,0x00000000a8459cd0,0x00000000aa580000)
 Metaspace       used 130942K, capacity 139058K, committed 164336K, reserved 1191936K
  class space    used 16188K, capacity 17601K, committed 21248K, reserved 1048576K
Event: 52852.971 GC heap after
Heap after GC invocations=173 (full 5):
 PSYoungGen      total 281088K, used 59375K [0x00000000e0000000, 0x00000000f9a80000, 0x0000000100000000)
  eden space 221696K, 0% used [0x00000000e0000000,0x00000000e0000000,0x00000000ed880000)
  from space 59392K, 99% used [0x00000000f2c80000,0x00000000f667bf78,0x00000000f6680000)
  to   space 86016K, 0% used [0x00000000ed880000,0x00000000ed880000,0x00000000f2c80000)
 ParOldGen       total 184832K, used 183916K [0x00000000a0000000, 0x00000000ab480000, 0x00000000e0000000)
  object space 184832K, 99% used [0x00000000a0000000,0x00000000ab39b298,0x00000000ab480000)
 Metaspace       used 130942K, capacity 139058K, committed 164336K, reserved 1191936K
  class space    used 16188K, capacity 17601K, committed 21248K, reserved 1048576K
}
Event: 52852.984 GC heap before
{Heap before GC invocations=174 (full 6):
 PSYoungGen      total 281088K, used 59375K [0x00000000e0000000, 0x00000000f9a80000, 0x0000000100000000)
  eden space 221696K, 0% used [0x00000000e0000000,0x00000000e0000000,0x00000000ed880000)
  from space 59392K, 99% used [0x00000000f2c80000,0x00000000f667bf78,0x00000000f6680000)
  to   space 86016K, 0% used [0x00000000ed880000,0x00000000ed880000,0x00000000f2c80000)
 ParOldGen       total 184832K, used 183916K [0x00000000a0000000, 0x00000000ab480000, 0x00000000e0000000)
  object space 184832K, 99% used [0x00000000a0000000,0x00000000ab39b298,0x00000000ab480000)
 Metaspace       used 130942K, capacity 139058K, committed 164336K, reserved 1191936K
  class space    used 16188K, capacity 17601K, committed 21248K, reserved 1048576K

